<?xml version="1.0" encoding="UTF-8"?>
<testng-results skipped="0" failed="0" total="1" passed="1">
  <reporter-output>
  </reporter-output>
  <suite name="Suite" duration-ms="46372" started-at="2019-01-07T05:53:18Z" finished-at="2019-01-07T05:54:04Z">
    <groups>
    </groups>
    <test name="ie" duration-ms="46372" started-at="2019-01-07T05:53:18Z" finished-at="2019-01-07T05:54:04Z">
      <class name="com.amazon.basic_tests.LoginTests">
        <test-method status="PASS" signature="launchBrowser(java.lang.String)[pri:0, instance:com.amazon.basic_tests.LoginTests@4c70fda8]" name="launchBrowser" is-config="true" duration-ms="4210" started-at="2019-01-07T11:23:18Z" finished-at="2019-01-07T11:23:22Z">
          <params>
            <param index="0">
              <value>
                <![CDATA[internet explorer]]>
              </value>
            </param>
          </params>
          <reporter-output>
          </reporter-output>
        </test-method> <!-- launchBrowser -->
        <test-method status="PASS" signature="loginTest()[pri:0, instance:com.amazon.basic_tests.LoginTests@4c70fda8]" name="loginTest" duration-ms="42140" started-at="2019-01-07T11:23:22Z" finished-at="2019-01-07T11:24:04Z">
          <reporter-output>
          </reporter-output>
        </test-method> <!-- loginTest -->
      </class> <!-- com.amazon.basic_tests.LoginTests -->
    </test> <!-- ie -->
  </suite> <!-- Suite -->
</testng-results>
